<?xml version="1.0" encoding="UTF-8"?>
<testng-results skipped="0" failed="0" ignored="0" total="2" passed="2">
  <reporter-output>
  </reporter-output>
  <suite name="Default suite" duration-ms="21296" started-at="2023-02-10T18:38:03Z" finished-at="2023-02-10T18:38:24Z">
    <groups>
    </groups>
    <test name="Default test" duration-ms="21296" started-at="2023-02-10T18:38:03Z" finished-at="2023-02-10T18:38:24Z">
      <class name="pomFramework.Tests.Framework1">
        <test-method status="PASS" signature="launchApplication()[pri:0, instance:pomFramework.Tests.Framework1@617faa95]" name="launchApplication" is-config="true" duration-ms="8633" started-at="2023-02-11T00:08:03Z" finished-at="2023-02-11T00:08:12Z">
          <reporter-output>
          </reporter-output>
        </test-method> <!-- launchApplication -->
        <test-method status="PASS" signature="submitOrder(java.util.HashMap)[pri:0, instance:pomFramework.Tests.Framework1@617faa95]" name="submitOrder" duration-ms="4281" started-at="2023-02-11T00:08:12Z" data-provider="readData" finished-at="2023-02-11T00:08:16Z">
          <params>
            <param index="0">
              <value>
                <![CDATA[{country=India, password=vpsWikFc@Dab9dB, product=zara coat 3, email=joyjitghosh98@gmail.com}]]>
              </value>
            </param>
          </params>
          <reporter-output>
          </reporter-output>
        </test-method> <!-- submitOrder -->
        <test-method status="PASS" signature="tearDown()[pri:0, instance:pomFramework.Tests.Framework1@617faa95]" name="tearDown" is-config="true" duration-ms="188" started-at="2023-02-11T00:08:16Z" finished-at="2023-02-11T00:08:17Z">
          <reporter-output>
          </reporter-output>
        </test-method> <!-- tearDown -->
        <test-method status="PASS" signature="launchApplication()[pri:0, instance:pomFramework.Tests.Framework1@617faa95]" name="launchApplication" is-config="true" duration-ms="4146" started-at="2023-02-11T00:08:17Z" finished-at="2023-02-11T00:08:21Z">
          <reporter-output>
          </reporter-output>
        </test-method> <!-- launchApplication -->
        <test-method status="PASS" signature="submitOrder(java.util.HashMap)[pri:0, instance:pomFramework.Tests.Framework1@617faa95]" name="submitOrder" duration-ms="3611" started-at="2023-02-11T00:08:21Z" data-provider="readData" finished-at="2023-02-11T00:08:24Z">
          <params>
            <param index="0">
              <value>
                <![CDATA[{country=Indonesia, password=Rahul@123, product=iphone 13 pro, email=joyjit1999@gmail.com}]]>
              </value>
            </param>
          </params>
          <reporter-output>
          </reporter-output>
        </test-method> <!-- submitOrder -->
        <test-method status="PASS" signature="tearDown()[pri:0, instance:pomFramework.Tests.Framework1@617faa95]" name="tearDown" is-config="true" duration-ms="154" started-at="2023-02-11T00:08:24Z" finished-at="2023-02-11T00:08:24Z">
          <reporter-output>
          </reporter-output>
        </test-method> <!-- tearDown -->
      </class> <!-- pomFramework.Tests.Framework1 -->
    </test> <!-- Default test -->
  </suite> <!-- Default suite -->
</testng-results>
